Syracuse Development Academy
Philadelphia SC
San Antonio City SC
Keystone FC
Beachwood SC
Sockers FC
Michigan Wolves
Virginia Union
Force FC
Tudela FC
Elite Girls Academy
Collierville Soccer Association
KC Fusion
Canada
Warrington SC
N/A
Excel Soccer Academy
Galaxy SC (IL)
Sporting Columbus
Indianapolis Premier
AC Milan Soccer Academy
Cleveland FC
Penn FC
Montverde International FC
Sporting Springfield
Sporting Omaha FC
Pittsburgh Hotspurs
Evolution Soccer Club
OP
Eastern Elite Soccer Academy
Sporting Arsenal FC (CA)
California Thorns FC
Hawaii Heat FC
City SC San Diego
Valley Isle Soccer Academy
Future FC
Chicago Inter
Total Futbol Academy
Washington Premier FC
FSA FC United
Real Jersey Football Club
Boca United FC
Vancouver Whitecaps
Baton Rouge SC
San Ramon FC
Gulf Coast Texans
Hawaii Rush
Chicago Empire FC
Skyline Elite Soccer Club
South Mississippi SC
Idaho Rush
San Diego Soccer Club
Utah Celtic FC
Eagles SC (CA)