AC Milan Soccer Academy
Baton Rouge SC
Beachwood SC
Boca United FC
California Thorns FC
Canada
Chicago Empire FC
Chicago Inter
City SC San Diego
Cleveland FC
Collierville Soccer Association
Eagles SC (CA)Eastern Elite Soccer Academy
Elite Girls Academy
Evolution Soccer Club
Excel Soccer Academy
FSA FC United
Force FC
Future FC
Galaxy SC (IL)
Gulf Coast Texans
Hawaii Heat FC
Hawaii Rush
Idaho Rush
Indianapolis Premier
KC Fusion
Keystone FC
Michigan Wolves
Montverde International FC
N/A
OP
Penn FC
Philadelphia SC
Pittsburgh Hotspurs
Real Jersey Football Club
San Antonio City SC
San Diego Soccer Club
San Ramon FC
Skyline Elite Soccer Club
Sockers FC
South Mississippi SC
Sporting Arsenal FC (CA)
Sporting Columbus
Sporting Omaha FC
Sporting Springfield
Syracuse Development Academy
Total Futbol Academy
Tudela FC
Utah Celtic FC
Valley Isle Soccer Academy
Vancouver Whitecaps
Virginia Union
Warrington SC
Washington Premier FC
